{"/Users/azt251572/Desktop/weather-app/src/Components/WeatherCard.jsx": {"path":"/Users/azt251572/Desktop/weather-app/src/Components/WeatherCard.jsx","statementMap":{"0":{"start":{"line":15,"column":20},"end":{"line":77,"column":1}},"1":{"start":{"line":24,"column":26},"end":{"line":24,"column":39}},"2":{"start":{"line":25,"column":32},"end":{"line":25,"column":49}},"3":{"start":{"line":26,"column":25},"end":{"line":26,"column":46}},"4":{"start":{"line":29,"column":2},"end":{"line":49,"column":15}},"5":{"start":{"line":31,"column":4},"end":{"line":48,"column":4}},"6":{"start":{"line":32,"column":17},"end":{"line":32,"column":49}},"7":{"start":{"line":33,"column":6},"end":{"line":47,"column":7}},"8":{"start":{"line":34,"column":8},"end":{"line":34,"column":21}},"9":{"start":{"line":35,"column":13},"end":{"line":47,"column":7}},"10":{"start":{"line":36,"column":8},"end":{"line":36,"column":22}},"11":{"start":{"line":37,"column":13},"end":{"line":47,"column":7}},"12":{"start":{"line":38,"column":8},"end":{"line":38,"column":20}},"13":{"start":{"line":39,"column":13},"end":{"line":47,"column":7}},"14":{"start":{"line":40,"column":8},"end":{"line":40,"column":22}},"15":{"start":{"line":41,"column":13},"end":{"line":47,"column":7}},"16":{"start":{"line":42,"column":8},"end":{"line":42,"column":20}},"17":{"start":{"line":43,"column":13},"end":{"line":47,"column":7}},"18":{"start":{"line":44,"column":8},"end":{"line":44,"column":21}},"19":{"start":{"line":45,"column":13},"end":{"line":47,"column":7}},"20":{"start":{"line":46,"column":8},"end":{"line":46,"column":21}},"21":{"start":{"line":51,"column":2},"end":{"line":76,"column":3}}},"fnMap":{"0":{"name":"(anonymous_0)","decl":{"start":{"line":15,"column":20},"end":{"line":15,"column":21}},"loc":{"start":{"line":22,"column":6},"end":{"line":77,"column":1}},"line":22},"1":{"name":"(anonymous_1)","decl":{"start":{"line":29,"column":12},"end":{"line":29,"column":13}},"loc":{"start":{"line":29,"column":18},"end":{"line":49,"column":3}},"line":29}},"branchMap":{"0":{"loc":{"start":{"line":31,"column":4},"end":{"line":48,"column":4}},"type":"if","locations":[{"start":{"line":31,"column":4},"end":{"line":48,"column":4}},{"start":{},"end":{}}],"line":31},"1":{"loc":{"start":{"line":33,"column":6},"end":{"line":47,"column":7}},"type":"if","locations":[{"start":{"line":33,"column":6},"end":{"line":47,"column":7}},{"start":{"line":35,"column":13},"end":{"line":47,"column":7}}],"line":33},"2":{"loc":{"start":{"line":35,"column":13},"end":{"line":47,"column":7}},"type":"if","locations":[{"start":{"line":35,"column":13},"end":{"line":47,"column":7}},{"start":{"line":37,"column":13},"end":{"line":47,"column":7}}],"line":35},"3":{"loc":{"start":{"line":35,"column":17},"end":{"line":35,"column":68}},"type":"binary-expr","locations":[{"start":{"line":35,"column":17},"end":{"line":35,"column":39}},{"start":{"line":35,"column":43},"end":{"line":35,"column":68}}],"line":35},"4":{"loc":{"start":{"line":37,"column":13},"end":{"line":47,"column":7}},"type":"if","locations":[{"start":{"line":37,"column":13},"end":{"line":47,"column":7}},{"start":{"line":39,"column":13},"end":{"line":47,"column":7}}],"line":37},"5":{"loc":{"start":{"line":39,"column":13},"end":{"line":47,"column":7}},"type":"if","locations":[{"start":{"line":39,"column":13},"end":{"line":47,"column":7}},{"start":{"line":41,"column":13},"end":{"line":47,"column":7}}],"line":39},"6":{"loc":{"start":{"line":41,"column":13},"end":{"line":47,"column":7}},"type":"if","locations":[{"start":{"line":41,"column":13},"end":{"line":47,"column":7}},{"start":{"line":43,"column":13},"end":{"line":47,"column":7}}],"line":41},"7":{"loc":{"start":{"line":43,"column":13},"end":{"line":47,"column":7}},"type":"if","locations":[{"start":{"line":43,"column":13},"end":{"line":47,"column":7}},{"start":{"line":45,"column":13},"end":{"line":47,"column":7}}],"line":43},"8":{"loc":{"start":{"line":45,"column":13},"end":{"line":47,"column":7}},"type":"if","locations":[{"start":{"line":45,"column":13},"end":{"line":47,"column":7}},{"start":{},"end":{}}],"line":45},"9":{"loc":{"start":{"line":61,"column":47},"end":{"line":61,"column":59}},"type":"binary-expr","locations":[{"start":{"line":61,"column":47},"end":{"line":61,"column":51}},{"start":{"line":61,"column":55},"end":{"line":61,"column":59}}],"line":61},"10":{"loc":{"start":{"line":69,"column":32},"end":{"line":69,"column":61}},"type":"cond-expr","locations":[{"start":{"line":69,"column":44},"end":{"line":69,"column":53}},{"start":{"line":69,"column":56},"end":{"line":69,"column":61}}],"line":69}},"s":{"0":1,"1":6,"2":6,"3":4,"4":4,"5":4,"6":3,"7":3,"8":0,"9":3,"10":2,"11":1,"12":1,"13":0,"14":0,"15":0,"16":0,"17":0,"18":0,"19":0,"20":0,"21":4},"f":{"0":6,"1":4},"b":{"0":[3,1],"1":[0,3],"2":[2,1],"3":[3,1],"4":[1,0],"5":[0,0],"6":[0,0],"7":[0,0],"8":[0,0],"9":[4,4],"10":[3,1]},"_coverageSchema":"1a1c01bbd47fc00a2c39e90264f33305004495a9","hash":"a0745971e36653e17324c93a5e8d0e3feef7adaa"}
,"/Users/azt251572/Desktop/weather-app/src/Utils/useDate.jsx": {"path":"/Users/azt251572/Desktop/weather-app/src/Utils/useDate.jsx","statementMap":{"0":{"start":{"line":3,"column":23},"end":{"line":37,"column":1}},"1":{"start":{"line":4,"column":46},"end":{"line":4,"column":60}},"2":{"start":{"line":6,"column":4},"end":{"line":29,"column":19}},"3":{"start":{"line":7,"column":8},"end":{"line":28,"column":9}},"4":{"start":{"line":8,"column":25},"end":{"line":8,"column":43}},"5":{"start":{"line":10,"column":28},"end":{"line":19,"column":13}},"6":{"start":{"line":21,"column":34},"end":{"line":21,"column":72}},"7":{"start":{"line":22,"column":30},"end":{"line":22,"column":56}},"8":{"start":{"line":24,"column":31},"end":{"line":24,"column":60}},"9":{"start":{"line":25,"column":35},"end":{"line":25,"column":54}},"10":{"start":{"line":27,"column":12},"end":{"line":27,"column":45}},"11":{"start":{"line":31,"column":4},"end":{"line":31,"column":58}},"12":{"start":{"line":31,"column":24},"end":{"line":31,"column":58}},"13":{"start":{"line":33,"column":4},"end":{"line":36,"column":6}}},"fnMap":{"0":{"name":"(anonymous_0)","decl":{"start":{"line":3,"column":23},"end":{"line":3,"column":24}},"loc":{"start":{"line":3,"column":41},"end":{"line":37,"column":1}},"line":3},"1":{"name":"(anonymous_1)","decl":{"start":{"line":6,"column":14},"end":{"line":6,"column":15}},"loc":{"start":{"line":6,"column":20},"end":{"line":29,"column":5}},"line":6}},"branchMap":{"0":{"loc":{"start":{"line":7,"column":8},"end":{"line":28,"column":9}},"type":"if","locations":[{"start":{"line":7,"column":8},"end":{"line":28,"column":9}},{"start":{},"end":{}}],"line":7},"1":{"loc":{"start":{"line":31,"column":4},"end":{"line":31,"column":58}},"type":"if","locations":[{"start":{"line":31,"column":4},"end":{"line":31,"column":58}},{"start":{},"end":{}}],"line":31}},"s":{"0":2,"1":7,"2":7,"3":6,"4":1,"5":1,"6":1,"7":1,"8":1,"9":1,"10":1,"11":7,"12":6,"13":1},"f":{"0":7,"1":6},"b":{"0":[1,5],"1":[6,1]},"_coverageSchema":"1a1c01bbd47fc00a2c39e90264f33305004495a9","hash":"658652580ed1d25b64dc968d4c9a42ae59847429"}
}
