TN:
SF:src/Components/WeatherCard.jsx
FN:15,(anonymous_0)
FN:29,(anonymous_1)
FNF:2
FNH:2
FNDA:6,(anonymous_0)
FNDA:4,(anonymous_1)
DA:15,1
DA:24,6
DA:25,6
DA:26,4
DA:29,4
DA:31,4
DA:32,3
DA:33,3
DA:34,0
DA:35,3
DA:36,2
DA:37,1
DA:38,1
DA:39,0
DA:40,0
DA:41,0
DA:42,0
DA:43,0
DA:44,0
DA:45,0
DA:46,0
DA:51,4
LF:22
LH:13
BRDA:31,0,0,3
BRDA:31,0,1,1
BRDA:33,1,0,0
BRDA:33,1,1,3
BRDA:35,2,0,2
BRDA:35,2,1,1
BRDA:35,3,0,3
BRDA:35,3,1,1
BRDA:37,4,0,1
BRDA:37,4,1,0
BRDA:39,5,0,0
BRDA:39,5,1,0
BRDA:41,6,0,0
BRDA:41,6,1,0
BRDA:43,7,0,0
BRDA:43,7,1,0
BRDA:45,8,0,0
BRDA:45,8,1,0
BRDA:61,9,0,4
BRDA:61,9,1,4
BRDA:69,10,0,3
BRDA:69,10,1,1
BRF:22
BRH:12
end_of_record
TN:
SF:src/Utils/useDate.jsx
FN:3,(anonymous_0)
FN:6,(anonymous_1)
FNF:2
FNH:2
FNDA:7,(anonymous_0)
FNDA:6,(anonymous_1)
DA:3,2
DA:4,7
DA:6,7
DA:7,6
DA:8,1
DA:10,1
DA:21,1
DA:22,1
DA:24,1
DA:25,1
DA:27,1
DA:31,7
DA:33,1
LF:13
LH:13
BRDA:7,0,0,1
BRDA:7,0,1,5
BRDA:31,1,0,6
BRDA:31,1,1,1
BRF:4
BRH:4
end_of_record
